[25-May-2023 13:30:27 UTC] PHP Deprecated:  strpos(): Passing null to parameter #1 ($haystack) of type string is deprecated in C:\Users\sukachy\Local Sites\bestpets\app\public\wp-content\plugins\woo-product-filter\classes\frame.php on line 525
[25-May-2023 13:32:28 UTC] PHP Deprecated:  strpos(): Passing null to parameter #1 ($haystack) of type string is deprecated in C:\Users\sukachy\Local Sites\bestpets\app\public\wp-content\plugins\woo-product-filter\classes\frame.php on line 525
[25-May-2023 13:32:46 UTC] PHP Warning:  Undefined variable $checkout in C:\Users\sukachy\Local Sites\bestpets\app\public\wp-content\themes\bestpets\page-checkout.php on line 22
[25-May-2023 13:32:46 UTC] PHP Warning:  Undefined variable $checkout in C:\Users\sukachy\Local Sites\bestpets\app\public\wp-content\themes\bestpets\page-checkout.php on line 25
[25-May-2023 13:32:46 UTC] PHP Fatal error:  Uncaught Error: Call to a member function is_registration_enabled() on null in C:\Users\sukachy\Local Sites\bestpets\app\public\wp-content\themes\bestpets\page-checkout.php:25
Stack trace:
#0 C:\Users\sukachy\Local Sites\bestpets\app\public\wp-includes\template-loader.php(106): include()
#1 C:\Users\sukachy\Local Sites\bestpets\app\public\wp-blog-header.php(19): require_once('C:\\Users\\sukach...')
#2 C:\Users\sukachy\Local Sites\bestpets\app\public\index.php(17): require('C:\\Users\\sukach...')
#3 {main}
  thrown in C:\Users\sukachy\Local Sites\bestpets\app\public\wp-content\themes\bestpets\page-checkout.php on line 25
[25-May-2023 13:33:40 UTC] PHP Warning:  Undefined variable $checkout in C:\Users\sukachy\Local Sites\bestpets\app\public\wp-content\themes\bestpets\page-checkout.php on line 8
[25-May-2023 13:33:40 UTC] PHP Warning:  Undefined variable $checkout in C:\Users\sukachy\Local Sites\bestpets\app\public\wp-content\themes\bestpets\page-checkout.php on line 11
[25-May-2023 13:33:40 UTC] PHP Fatal error:  Uncaught Error: Call to a member function is_registration_enabled() on null in C:\Users\sukachy\Local Sites\bestpets\app\public\wp-content\themes\bestpets\page-checkout.php:11
Stack trace:
#0 C:\Users\sukachy\Local Sites\bestpets\app\public\wp-includes\template-loader.php(106): include()
#1 C:\Users\sukachy\Local Sites\bestpets\app\public\wp-blog-header.php(19): require_once('C:\\Users\\sukach...')
#2 C:\Users\sukachy\Local Sites\bestpets\app\public\index.php(17): require('C:\\Users\\sukach...')
#3 {main}
  thrown in C:\Users\sukachy\Local Sites\bestpets\app\public\wp-content\themes\bestpets\page-checkout.php on line 11
[25-May-2023 13:33:41 UTC] PHP Warning:  Undefined variable $checkout in C:\Users\sukachy\Local Sites\bestpets\app\public\wp-content\themes\bestpets\page-checkout.php on line 8
[25-May-2023 13:33:41 UTC] PHP Warning:  Undefined variable $checkout in C:\Users\sukachy\Local Sites\bestpets\app\public\wp-content\themes\bestpets\page-checkout.php on line 11
[25-May-2023 13:33:41 UTC] PHP Fatal error:  Uncaught Error: Call to a member function is_registration_enabled() on null in C:\Users\sukachy\Local Sites\bestpets\app\public\wp-content\themes\bestpets\page-checkout.php:11
Stack trace:
#0 C:\Users\sukachy\Local Sites\bestpets\app\public\wp-includes\template-loader.php(106): include()
#1 C:\Users\sukachy\Local Sites\bestpets\app\public\wp-blog-header.php(19): require_once('C:\\Users\\sukach...')
#2 C:\Users\sukachy\Local Sites\bestpets\app\public\index.php(17): require('C:\\Users\\sukach...')
#3 {main}
  thrown in C:\Users\sukachy\Local Sites\bestpets\app\public\wp-content\themes\bestpets\page-checkout.php on line 11
[25-May-2023 13:34:29 UTC] PHP Deprecated:  strpos(): Passing null to parameter #1 ($haystack) of type string is deprecated in C:\Users\sukachy\Local Sites\bestpets\app\public\wp-content\plugins\woo-product-filter\classes\frame.php on line 525
[25-May-2023 13:34:38 UTC] PHP Deprecated:  strpos(): Passing null to parameter #1 ($haystack) of type string is deprecated in C:\Users\sukachy\Local Sites\bestpets\app\public\wp-content\plugins\woo-product-filter\classes\frame.php on line 525
[25-May-2023 13:34:39 UTC] PHP Deprecated:  strpos(): Passing null to parameter #1 ($haystack) of type string is deprecated in C:\Users\sukachy\Local Sites\bestpets\app\public\wp-content\plugins\woo-product-filter\classes\frame.php on line 525
[25-May-2023 13:34:42 UTC] PHP Deprecated:  strpos(): Passing null to parameter #1 ($haystack) of type string is deprecated in C:\Users\sukachy\Local Sites\bestpets\app\public\wp-content\plugins\woo-product-filter\classes\frame.php on line 525
[25-May-2023 13:35:44 UTC] PHP Deprecated:  strpos(): Passing null to parameter #1 ($haystack) of type string is deprecated in C:\Users\sukachy\Local Sites\bestpets\app\public\wp-content\plugins\woo-product-filter\classes\frame.php on line 525
[25-May-2023 13:35:44 UTC] PHP Warning:  Undefined variable $checkout in C:\Users\sukachy\Local Sites\bestpets\app\public\wp-content\themes\bestpets\page-checkout.php on line 22
[25-May-2023 13:35:44 UTC] PHP Warning:  Undefined variable $checkout in C:\Users\sukachy\Local Sites\bestpets\app\public\wp-content\themes\bestpets\page-checkout.php on line 25
[25-May-2023 13:35:44 UTC] PHP Fatal error:  Uncaught Error: Call to a member function is_registration_enabled() on null in C:\Users\sukachy\Local Sites\bestpets\app\public\wp-content\themes\bestpets\page-checkout.php:25
Stack trace:
#0 C:\Users\sukachy\Local Sites\bestpets\app\public\wp-includes\template-loader.php(106): include()
#1 C:\Users\sukachy\Local Sites\bestpets\app\public\wp-blog-header.php(19): require_once('C:\\Users\\sukach...')
#2 C:\Users\sukachy\Local Sites\bestpets\app\public\index.php(17): require('C:\\Users\\sukach...')
#3 {main}
  thrown in C:\Users\sukachy\Local Sites\bestpets\app\public\wp-content\themes\bestpets\page-checkout.php on line 25
[25-May-2023 13:36:08 UTC] PHP Fatal error:  Uncaught Error: Call to a member function is_registration_enabled() on null in C:\Users\sukachy\Local Sites\bestpets\app\public\wp-content\themes\bestpets\page-checkout.php:27
Stack trace:
#0 C:\Users\sukachy\Local Sites\bestpets\app\public\wp-includes\template-loader.php(106): include()
#1 C:\Users\sukachy\Local Sites\bestpets\app\public\wp-blog-header.php(19): require_once('C:\\Users\\sukach...')
#2 C:\Users\sukachy\Local Sites\bestpets\app\public\index.php(17): require('C:\\Users\\sukach...')
#3 {main}
  thrown in C:\Users\sukachy\Local Sites\bestpets\app\public\wp-content\themes\bestpets\page-checkout.php on line 27
[25-May-2023 13:36:09 UTC] PHP Fatal error:  Uncaught Error: Call to a member function is_registration_enabled() on null in C:\Users\sukachy\Local Sites\bestpets\app\public\wp-content\themes\bestpets\page-checkout.php:27
Stack trace:
#0 C:\Users\sukachy\Local Sites\bestpets\app\public\wp-includes\template-loader.php(106): include()
#1 C:\Users\sukachy\Local Sites\bestpets\app\public\wp-blog-header.php(19): require_once('C:\\Users\\sukach...')
#2 C:\Users\sukachy\Local Sites\bestpets\app\public\index.php(17): require('C:\\Users\\sukach...')
#3 {main}
  thrown in C:\Users\sukachy\Local Sites\bestpets\app\public\wp-content\themes\bestpets\page-checkout.php on line 27
[25-May-2023 13:36:15 UTC] PHP Warning:  Undefined variable $checkout in C:\Users\sukachy\Local Sites\bestpets\app\public\wp-content\themes\bestpets\page-checkout.php on line 22
[25-May-2023 13:36:15 UTC] PHP Warning:  Undefined variable $checkout in C:\Users\sukachy\Local Sites\bestpets\app\public\wp-content\themes\bestpets\page-checkout.php on line 25
[25-May-2023 13:36:15 UTC] PHP Fatal error:  Uncaught Error: Call to a member function is_registration_enabled() on null in C:\Users\sukachy\Local Sites\bestpets\app\public\wp-content\themes\bestpets\page-checkout.php:25
Stack trace:
#0 C:\Users\sukachy\Local Sites\bestpets\app\public\wp-includes\template-loader.php(106): include()
#1 C:\Users\sukachy\Local Sites\bestpets\app\public\wp-blog-header.php(19): require_once('C:\\Users\\sukach...')
#2 C:\Users\sukachy\Local Sites\bestpets\app\public\index.php(17): require('C:\\Users\\sukach...')
#3 {main}
  thrown in C:\Users\sukachy\Local Sites\bestpets\app\public\wp-content\themes\bestpets\page-checkout.php on line 25
[25-May-2023 13:37:45 UTC] PHP Deprecated:  strpos(): Passing null to parameter #1 ($haystack) of type string is deprecated in C:\Users\sukachy\Local Sites\bestpets\app\public\wp-content\plugins\woo-product-filter\classes\frame.php on line 525
[25-May-2023 13:39:46 UTC] PHP Deprecated:  strpos(): Passing null to parameter #1 ($haystack) of type string is deprecated in C:\Users\sukachy\Local Sites\bestpets\app\public\wp-content\plugins\woo-product-filter\classes\frame.php on line 525
[25-May-2023 13:41:47 UTC] PHP Deprecated:  strpos(): Passing null to parameter #1 ($haystack) of type string is deprecated in C:\Users\sukachy\Local Sites\bestpets\app\public\wp-content\plugins\woo-product-filter\classes\frame.php on line 525
[25-May-2023 13:43:48 UTC] PHP Deprecated:  strpos(): Passing null to parameter #1 ($haystack) of type string is deprecated in C:\Users\sukachy\Local Sites\bestpets\app\public\wp-content\plugins\woo-product-filter\classes\frame.php on line 525
[25-May-2023 13:45:48 UTC] PHP Deprecated:  strpos(): Passing null to parameter #1 ($haystack) of type string is deprecated in C:\Users\sukachy\Local Sites\bestpets\app\public\wp-content\plugins\woo-product-filter\classes\frame.php on line 525
[25-May-2023 13:47:49 UTC] PHP Deprecated:  strpos(): Passing null to parameter #1 ($haystack) of type string is deprecated in C:\Users\sukachy\Local Sites\bestpets\app\public\wp-content\plugins\woo-product-filter\classes\frame.php on line 525
[25-May-2023 13:49:50 UTC] PHP Deprecated:  strpos(): Passing null to parameter #1 ($haystack) of type string is deprecated in C:\Users\sukachy\Local Sites\bestpets\app\public\wp-content\plugins\woo-product-filter\classes\frame.php on line 525
[25-May-2023 13:51:51 UTC] PHP Deprecated:  strpos(): Passing null to parameter #1 ($haystack) of type string is deprecated in C:\Users\sukachy\Local Sites\bestpets\app\public\wp-content\plugins\woo-product-filter\classes\frame.php on line 525
[25-May-2023 13:53:52 UTC] PHP Deprecated:  strpos(): Passing null to parameter #1 ($haystack) of type string is deprecated in C:\Users\sukachy\Local Sites\bestpets\app\public\wp-content\plugins\woo-product-filter\classes\frame.php on line 525
[25-May-2023 13:55:53 UTC] PHP Deprecated:  strpos(): Passing null to parameter #1 ($haystack) of type string is deprecated in C:\Users\sukachy\Local Sites\bestpets\app\public\wp-content\plugins\woo-product-filter\classes\frame.php on line 525
[25-May-2023 13:57:54 UTC] PHP Deprecated:  strpos(): Passing null to parameter #1 ($haystack) of type string is deprecated in C:\Users\sukachy\Local Sites\bestpets\app\public\wp-content\plugins\woo-product-filter\classes\frame.php on line 525
[25-May-2023 13:58:09 UTC] PHP Warning:  Undefined variable $product_id in C:\Users\sukachy\Local Sites\bestpets\app\public\wp-content\themes\bestpets\woocommerce\single-product.php on line 6
[25-May-2023 13:59:55 UTC] PHP Deprecated:  strpos(): Passing null to parameter #1 ($haystack) of type string is deprecated in C:\Users\sukachy\Local Sites\bestpets\app\public\wp-content\plugins\woo-product-filter\classes\frame.php on line 525
[25-May-2023 14:01:56 UTC] PHP Deprecated:  strpos(): Passing null to parameter #1 ($haystack) of type string is deprecated in C:\Users\sukachy\Local Sites\bestpets\app\public\wp-content\plugins\woo-product-filter\classes\frame.php on line 525
[25-May-2023 14:03:57 UTC] PHP Deprecated:  strpos(): Passing null to parameter #1 ($haystack) of type string is deprecated in C:\Users\sukachy\Local Sites\bestpets\app\public\wp-content\plugins\woo-product-filter\classes\frame.php on line 525
[25-May-2023 14:05:58 UTC] PHP Deprecated:  strpos(): Passing null to parameter #1 ($haystack) of type string is deprecated in C:\Users\sukachy\Local Sites\bestpets\app\public\wp-content\plugins\woo-product-filter\classes\frame.php on line 525
[25-May-2023 14:07:59 UTC] PHP Deprecated:  strpos(): Passing null to parameter #1 ($haystack) of type string is deprecated in C:\Users\sukachy\Local Sites\bestpets\app\public\wp-content\plugins\woo-product-filter\classes\frame.php on line 525
[25-May-2023 14:10:00 UTC] PHP Deprecated:  strpos(): Passing null to parameter #1 ($haystack) of type string is deprecated in C:\Users\sukachy\Local Sites\bestpets\app\public\wp-content\plugins\woo-product-filter\classes\frame.php on line 525
[25-May-2023 14:12:01 UTC] PHP Deprecated:  strpos(): Passing null to parameter #1 ($haystack) of type string is deprecated in C:\Users\sukachy\Local Sites\bestpets\app\public\wp-content\plugins\woo-product-filter\classes\frame.php on line 525
[25-May-2023 14:14:02 UTC] PHP Deprecated:  strpos(): Passing null to parameter #1 ($haystack) of type string is deprecated in C:\Users\sukachy\Local Sites\bestpets\app\public\wp-content\plugins\woo-product-filter\classes\frame.php on line 525
[25-May-2023 14:16:03 UTC] PHP Deprecated:  strpos(): Passing null to parameter #1 ($haystack) of type string is deprecated in C:\Users\sukachy\Local Sites\bestpets\app\public\wp-content\plugins\woo-product-filter\classes\frame.php on line 525
[25-May-2023 14:18:04 UTC] PHP Deprecated:  strpos(): Passing null to parameter #1 ($haystack) of type string is deprecated in C:\Users\sukachy\Local Sites\bestpets\app\public\wp-content\plugins\woo-product-filter\classes\frame.php on line 525
[25-May-2023 14:20:05 UTC] PHP Deprecated:  strpos(): Passing null to parameter #1 ($haystack) of type string is deprecated in C:\Users\sukachy\Local Sites\bestpets\app\public\wp-content\plugins\woo-product-filter\classes\frame.php on line 525
[25-May-2023 14:22:06 UTC] PHP Deprecated:  strpos(): Passing null to parameter #1 ($haystack) of type string is deprecated in C:\Users\sukachy\Local Sites\bestpets\app\public\wp-content\plugins\woo-product-filter\classes\frame.php on line 525
[25-May-2023 14:24:07 UTC] PHP Deprecated:  strpos(): Passing null to parameter #1 ($haystack) of type string is deprecated in C:\Users\sukachy\Local Sites\bestpets\app\public\wp-content\plugins\woo-product-filter\classes\frame.php on line 525
[25-May-2023 14:26:08 UTC] PHP Deprecated:  strpos(): Passing null to parameter #1 ($haystack) of type string is deprecated in C:\Users\sukachy\Local Sites\bestpets\app\public\wp-content\plugins\woo-product-filter\classes\frame.php on line 525
[25-May-2023 14:28:09 UTC] PHP Deprecated:  strpos(): Passing null to parameter #1 ($haystack) of type string is deprecated in C:\Users\sukachy\Local Sites\bestpets\app\public\wp-content\plugins\woo-product-filter\classes\frame.php on line 525
[25-May-2023 14:30:10 UTC] PHP Deprecated:  strpos(): Passing null to parameter #1 ($haystack) of type string is deprecated in C:\Users\sukachy\Local Sites\bestpets\app\public\wp-content\plugins\woo-product-filter\classes\frame.php on line 525
[25-May-2023 14:32:11 UTC] PHP Deprecated:  strpos(): Passing null to parameter #1 ($haystack) of type string is deprecated in C:\Users\sukachy\Local Sites\bestpets\app\public\wp-content\plugins\woo-product-filter\classes\frame.php on line 525
[25-May-2023 14:34:12 UTC] PHP Deprecated:  strpos(): Passing null to parameter #1 ($haystack) of type string is deprecated in C:\Users\sukachy\Local Sites\bestpets\app\public\wp-content\plugins\woo-product-filter\classes\frame.php on line 525
[25-May-2023 14:36:13 UTC] PHP Deprecated:  strpos(): Passing null to parameter #1 ($haystack) of type string is deprecated in C:\Users\sukachy\Local Sites\bestpets\app\public\wp-content\plugins\woo-product-filter\classes\frame.php on line 525
[25-May-2023 14:38:14 UTC] PHP Deprecated:  strpos(): Passing null to parameter #1 ($haystack) of type string is deprecated in C:\Users\sukachy\Local Sites\bestpets\app\public\wp-content\plugins\woo-product-filter\classes\frame.php on line 525
[25-May-2023 14:40:15 UTC] PHP Deprecated:  strpos(): Passing null to parameter #1 ($haystack) of type string is deprecated in C:\Users\sukachy\Local Sites\bestpets\app\public\wp-content\plugins\woo-product-filter\classes\frame.php on line 525
[25-May-2023 14:42:16 UTC] PHP Deprecated:  strpos(): Passing null to parameter #1 ($haystack) of type string is deprecated in C:\Users\sukachy\Local Sites\bestpets\app\public\wp-content\plugins\woo-product-filter\classes\frame.php on line 525
[25-May-2023 14:44:17 UTC] PHP Deprecated:  strpos(): Passing null to parameter #1 ($haystack) of type string is deprecated in C:\Users\sukachy\Local Sites\bestpets\app\public\wp-content\plugins\woo-product-filter\classes\frame.php on line 525
[25-May-2023 14:46:18 UTC] PHP Deprecated:  strpos(): Passing null to parameter #1 ($haystack) of type string is deprecated in C:\Users\sukachy\Local Sites\bestpets\app\public\wp-content\plugins\woo-product-filter\classes\frame.php on line 525
[25-May-2023 14:48:19 UTC] PHP Deprecated:  strpos(): Passing null to parameter #1 ($haystack) of type string is deprecated in C:\Users\sukachy\Local Sites\bestpets\app\public\wp-content\plugins\woo-product-filter\classes\frame.php on line 525
[25-May-2023 14:50:20 UTC] PHP Deprecated:  strpos(): Passing null to parameter #1 ($haystack) of type string is deprecated in C:\Users\sukachy\Local Sites\bestpets\app\public\wp-content\plugins\woo-product-filter\classes\frame.php on line 525
[25-May-2023 14:52:21 UTC] PHP Deprecated:  strpos(): Passing null to parameter #1 ($haystack) of type string is deprecated in C:\Users\sukachy\Local Sites\bestpets\app\public\wp-content\plugins\woo-product-filter\classes\frame.php on line 525
[25-May-2023 14:54:22 UTC] PHP Deprecated:  strpos(): Passing null to parameter #1 ($haystack) of type string is deprecated in C:\Users\sukachy\Local Sites\bestpets\app\public\wp-content\plugins\woo-product-filter\classes\frame.php on line 525
[25-May-2023 14:56:23 UTC] PHP Deprecated:  strpos(): Passing null to parameter #1 ($haystack) of type string is deprecated in C:\Users\sukachy\Local Sites\bestpets\app\public\wp-content\plugins\woo-product-filter\classes\frame.php on line 525
[25-May-2023 14:58:24 UTC] PHP Deprecated:  strpos(): Passing null to parameter #1 ($haystack) of type string is deprecated in C:\Users\sukachy\Local Sites\bestpets\app\public\wp-content\plugins\woo-product-filter\classes\frame.php on line 525
[25-May-2023 15:00:25 UTC] PHP Deprecated:  strpos(): Passing null to parameter #1 ($haystack) of type string is deprecated in C:\Users\sukachy\Local Sites\bestpets\app\public\wp-content\plugins\woo-product-filter\classes\frame.php on line 525
[25-May-2023 15:02:26 UTC] PHP Deprecated:  strpos(): Passing null to parameter #1 ($haystack) of type string is deprecated in C:\Users\sukachy\Local Sites\bestpets\app\public\wp-content\plugins\woo-product-filter\classes\frame.php on line 525
[25-May-2023 15:04:27 UTC] PHP Deprecated:  strpos(): Passing null to parameter #1 ($haystack) of type string is deprecated in C:\Users\sukachy\Local Sites\bestpets\app\public\wp-content\plugins\woo-product-filter\classes\frame.php on line 525
[25-May-2023 15:06:28 UTC] PHP Deprecated:  strpos(): Passing null to parameter #1 ($haystack) of type string is deprecated in C:\Users\sukachy\Local Sites\bestpets\app\public\wp-content\plugins\woo-product-filter\classes\frame.php on line 525
[25-May-2023 15:08:29 UTC] PHP Deprecated:  strpos(): Passing null to parameter #1 ($haystack) of type string is deprecated in C:\Users\sukachy\Local Sites\bestpets\app\public\wp-content\plugins\woo-product-filter\classes\frame.php on line 525
[25-May-2023 15:10:30 UTC] PHP Deprecated:  strpos(): Passing null to parameter #1 ($haystack) of type string is deprecated in C:\Users\sukachy\Local Sites\bestpets\app\public\wp-content\plugins\woo-product-filter\classes\frame.php on line 525
[25-May-2023 15:12:31 UTC] PHP Deprecated:  strpos(): Passing null to parameter #1 ($haystack) of type string is deprecated in C:\Users\sukachy\Local Sites\bestpets\app\public\wp-content\plugins\woo-product-filter\classes\frame.php on line 525
[25-May-2023 15:14:32 UTC] PHP Deprecated:  strpos(): Passing null to parameter #1 ($haystack) of type string is deprecated in C:\Users\sukachy\Local Sites\bestpets\app\public\wp-content\plugins\woo-product-filter\classes\frame.php on line 525
[25-May-2023 15:16:33 UTC] PHP Deprecated:  strpos(): Passing null to parameter #1 ($haystack) of type string is deprecated in C:\Users\sukachy\Local Sites\bestpets\app\public\wp-content\plugins\woo-product-filter\classes\frame.php on line 525
[25-May-2023 15:18:34 UTC] PHP Deprecated:  strpos(): Passing null to parameter #1 ($haystack) of type string is deprecated in C:\Users\sukachy\Local Sites\bestpets\app\public\wp-content\plugins\woo-product-filter\classes\frame.php on line 525
[25-May-2023 15:20:35 UTC] PHP Deprecated:  strpos(): Passing null to parameter #1 ($haystack) of type string is deprecated in C:\Users\sukachy\Local Sites\bestpets\app\public\wp-content\plugins\woo-product-filter\classes\frame.php on line 525
[25-May-2023 15:22:36 UTC] PHP Deprecated:  strpos(): Passing null to parameter #1 ($haystack) of type string is deprecated in C:\Users\sukachy\Local Sites\bestpets\app\public\wp-content\plugins\woo-product-filter\classes\frame.php on line 525
[25-May-2023 15:24:37 UTC] PHP Deprecated:  strpos(): Passing null to parameter #1 ($haystack) of type string is deprecated in C:\Users\sukachy\Local Sites\bestpets\app\public\wp-content\plugins\woo-product-filter\classes\frame.php on line 525
[25-May-2023 15:26:38 UTC] PHP Deprecated:  strpos(): Passing null to parameter #1 ($haystack) of type string is deprecated in C:\Users\sukachy\Local Sites\bestpets\app\public\wp-content\plugins\woo-product-filter\classes\frame.php on line 525
[25-May-2023 15:28:39 UTC] PHP Deprecated:  strpos(): Passing null to parameter #1 ($haystack) of type string is deprecated in C:\Users\sukachy\Local Sites\bestpets\app\public\wp-content\plugins\woo-product-filter\classes\frame.php on line 525
[25-May-2023 15:30:40 UTC] PHP Deprecated:  strpos(): Passing null to parameter #1 ($haystack) of type string is deprecated in C:\Users\sukachy\Local Sites\bestpets\app\public\wp-content\plugins\woo-product-filter\classes\frame.php on line 525
[25-May-2023 15:32:41 UTC] PHP Deprecated:  strpos(): Passing null to parameter #1 ($haystack) of type string is deprecated in C:\Users\sukachy\Local Sites\bestpets\app\public\wp-content\plugins\woo-product-filter\classes\frame.php on line 525
[25-May-2023 15:34:42 UTC] PHP Deprecated:  strpos(): Passing null to parameter #1 ($haystack) of type string is deprecated in C:\Users\sukachy\Local Sites\bestpets\app\public\wp-content\plugins\woo-product-filter\classes\frame.php on line 525
[25-May-2023 15:36:43 UTC] PHP Deprecated:  strpos(): Passing null to parameter #1 ($haystack) of type string is deprecated in C:\Users\sukachy\Local Sites\bestpets\app\public\wp-content\plugins\woo-product-filter\classes\frame.php on line 525
[25-May-2023 15:38:44 UTC] PHP Deprecated:  strpos(): Passing null to parameter #1 ($haystack) of type string is deprecated in C:\Users\sukachy\Local Sites\bestpets\app\public\wp-content\plugins\woo-product-filter\classes\frame.php on line 525
[25-May-2023 15:40:45 UTC] PHP Deprecated:  strpos(): Passing null to parameter #1 ($haystack) of type string is deprecated in C:\Users\sukachy\Local Sites\bestpets\app\public\wp-content\plugins\woo-product-filter\classes\frame.php on line 525
[25-May-2023 15:42:46 UTC] PHP Deprecated:  strpos(): Passing null to parameter #1 ($haystack) of type string is deprecated in C:\Users\sukachy\Local Sites\bestpets\app\public\wp-content\plugins\woo-product-filter\classes\frame.php on line 525
[25-May-2023 15:44:47 UTC] PHP Deprecated:  strpos(): Passing null to parameter #1 ($haystack) of type string is deprecated in C:\Users\sukachy\Local Sites\bestpets\app\public\wp-content\plugins\woo-product-filter\classes\frame.php on line 525
[25-May-2023 15:46:48 UTC] PHP Deprecated:  strpos(): Passing null to parameter #1 ($haystack) of type string is deprecated in C:\Users\sukachy\Local Sites\bestpets\app\public\wp-content\plugins\woo-product-filter\classes\frame.php on line 525
[25-May-2023 15:48:49 UTC] PHP Deprecated:  strpos(): Passing null to parameter #1 ($haystack) of type string is deprecated in C:\Users\sukachy\Local Sites\bestpets\app\public\wp-content\plugins\woo-product-filter\classes\frame.php on line 525
[25-May-2023 15:50:50 UTC] PHP Deprecated:  strpos(): Passing null to parameter #1 ($haystack) of type string is deprecated in C:\Users\sukachy\Local Sites\bestpets\app\public\wp-content\plugins\woo-product-filter\classes\frame.php on line 525
[25-May-2023 15:52:51 UTC] PHP Deprecated:  strpos(): Passing null to parameter #1 ($haystack) of type string is deprecated in C:\Users\sukachy\Local Sites\bestpets\app\public\wp-content\plugins\woo-product-filter\classes\frame.php on line 525
[25-May-2023 15:54:52 UTC] PHP Deprecated:  strpos(): Passing null to parameter #1 ($haystack) of type string is deprecated in C:\Users\sukachy\Local Sites\bestpets\app\public\wp-content\plugins\woo-product-filter\classes\frame.php on line 525
[25-May-2023 15:56:53 UTC] PHP Deprecated:  strpos(): Passing null to parameter #1 ($haystack) of type string is deprecated in C:\Users\sukachy\Local Sites\bestpets\app\public\wp-content\plugins\woo-product-filter\classes\frame.php on line 525
[25-May-2023 15:58:54 UTC] PHP Deprecated:  strpos(): Passing null to parameter #1 ($haystack) of type string is deprecated in C:\Users\sukachy\Local Sites\bestpets\app\public\wp-content\plugins\woo-product-filter\classes\frame.php on line 525
[25-May-2023 16:00:55 UTC] PHP Deprecated:  strpos(): Passing null to parameter #1 ($haystack) of type string is deprecated in C:\Users\sukachy\Local Sites\bestpets\app\public\wp-content\plugins\woo-product-filter\classes\frame.php on line 525
[25-May-2023 16:02:56 UTC] PHP Deprecated:  strpos(): Passing null to parameter #1 ($haystack) of type string is deprecated in C:\Users\sukachy\Local Sites\bestpets\app\public\wp-content\plugins\woo-product-filter\classes\frame.php on line 525
[25-May-2023 16:04:57 UTC] PHP Deprecated:  strpos(): Passing null to parameter #1 ($haystack) of type string is deprecated in C:\Users\sukachy\Local Sites\bestpets\app\public\wp-content\plugins\woo-product-filter\classes\frame.php on line 525
[25-May-2023 16:06:58 UTC] PHP Deprecated:  strpos(): Passing null to parameter #1 ($haystack) of type string is deprecated in C:\Users\sukachy\Local Sites\bestpets\app\public\wp-content\plugins\woo-product-filter\classes\frame.php on line 525
[25-May-2023 16:08:59 UTC] PHP Deprecated:  strpos(): Passing null to parameter #1 ($haystack) of type string is deprecated in C:\Users\sukachy\Local Sites\bestpets\app\public\wp-content\plugins\woo-product-filter\classes\frame.php on line 525
[25-May-2023 16:11:00 UTC] PHP Deprecated:  strpos(): Passing null to parameter #1 ($haystack) of type string is deprecated in C:\Users\sukachy\Local Sites\bestpets\app\public\wp-content\plugins\woo-product-filter\classes\frame.php on line 525
[25-May-2023 16:13:01 UTC] PHP Deprecated:  strpos(): Passing null to parameter #1 ($haystack) of type string is deprecated in C:\Users\sukachy\Local Sites\bestpets\app\public\wp-content\plugins\woo-product-filter\classes\frame.php on line 525
[25-May-2023 16:15:02 UTC] PHP Deprecated:  strpos(): Passing null to parameter #1 ($haystack) of type string is deprecated in C:\Users\sukachy\Local Sites\bestpets\app\public\wp-content\plugins\woo-product-filter\classes\frame.php on line 525
[25-May-2023 16:17:03 UTC] PHP Deprecated:  strpos(): Passing null to parameter #1 ($haystack) of type string is deprecated in C:\Users\sukachy\Local Sites\bestpets\app\public\wp-content\plugins\woo-product-filter\classes\frame.php on line 525
[25-May-2023 16:19:04 UTC] PHP Deprecated:  strpos(): Passing null to parameter #1 ($haystack) of type string is deprecated in C:\Users\sukachy\Local Sites\bestpets\app\public\wp-content\plugins\woo-product-filter\classes\frame.php on line 525
[25-May-2023 16:21:05 UTC] PHP Deprecated:  strpos(): Passing null to parameter #1 ($haystack) of type string is deprecated in C:\Users\sukachy\Local Sites\bestpets\app\public\wp-content\plugins\woo-product-filter\classes\frame.php on line 525
[25-May-2023 16:23:06 UTC] PHP Deprecated:  strpos(): Passing null to parameter #1 ($haystack) of type string is deprecated in C:\Users\sukachy\Local Sites\bestpets\app\public\wp-content\plugins\woo-product-filter\classes\frame.php on line 525
[25-May-2023 16:25:07 UTC] PHP Deprecated:  strpos(): Passing null to parameter #1 ($haystack) of type string is deprecated in C:\Users\sukachy\Local Sites\bestpets\app\public\wp-content\plugins\woo-product-filter\classes\frame.php on line 525
[25-May-2023 16:27:08 UTC] PHP Deprecated:  strpos(): Passing null to parameter #1 ($haystack) of type string is deprecated in C:\Users\sukachy\Local Sites\bestpets\app\public\wp-content\plugins\woo-product-filter\classes\frame.php on line 525
[25-May-2023 16:29:09 UTC] PHP Deprecated:  strpos(): Passing null to parameter #1 ($haystack) of type string is deprecated in C:\Users\sukachy\Local Sites\bestpets\app\public\wp-content\plugins\woo-product-filter\classes\frame.php on line 525
[25-May-2023 16:31:10 UTC] PHP Deprecated:  strpos(): Passing null to parameter #1 ($haystack) of type string is deprecated in C:\Users\sukachy\Local Sites\bestpets\app\public\wp-content\plugins\woo-product-filter\classes\frame.php on line 525
[25-May-2023 16:33:11 UTC] PHP Deprecated:  strpos(): Passing null to parameter #1 ($haystack) of type string is deprecated in C:\Users\sukachy\Local Sites\bestpets\app\public\wp-content\plugins\woo-product-filter\classes\frame.php on line 525
[25-May-2023 16:35:12 UTC] PHP Deprecated:  strpos(): Passing null to parameter #1 ($haystack) of type string is deprecated in C:\Users\sukachy\Local Sites\bestpets\app\public\wp-content\plugins\woo-product-filter\classes\frame.php on line 525
[25-May-2023 16:37:13 UTC] PHP Deprecated:  strpos(): Passing null to parameter #1 ($haystack) of type string is deprecated in C:\Users\sukachy\Local Sites\bestpets\app\public\wp-content\plugins\woo-product-filter\classes\frame.php on line 525
