2023-05-25T06:48:40+00:00 CRITICAL Uncaught Error: Call to a member function is_main_query() on string in C:\Users\sukachy\Local Sites\bestpets\app\public\wp-content\plugins\woocommerce\includes\class-wc-query.php:330
Stack trace:
#0 C:\Users\sukachy\Local Sites\bestpets\app\public\wp-includes\class-wp-hook.php(308): WC_Query->pre_get_posts('')
#1 C:\Users\sukachy\Local Sites\bestpets\app\public\wp-includes\class-wp-hook.php(332): WP_Hook->apply_filters('', Array)
#2 C:\Users\sukachy\Local Sites\bestpets\app\public\wp-includes\plugin.php(517): WP_Hook->do_action(Array)
#3 C:\Users\sukachy\Local Sites\bestpets\app\public\wp-content\themes\bestpets\woocommerce\archive-product.php(143): do_action('pre_get_posts')
#4 C:\Users\sukachy\Local Sites\bestpets\app\public\wp-includes\template-loader.php(106): include('C:\\Users\\sukach...')
#5 C:\Users\sukachy\Local Sites\bestpets\app\public\wp-blog-header.php(19): require_once('C:\\Users\\sukach...')
#6 C:\Users\sukachy\Local Sites\bestpets\app\public\index.php(17): require('C:\\Users\\sukach...')
#7 {main}
  thrown in C:\Users\sukachy\Local Sites\bestpets\app\public\wp-content\plugins\woocommerce\includes\class-wc-query.php on line 330

2023-05-25T08:05:34+00:00 CRITICAL syntax error, unexpected token "}", expecting "," or ";" in C:\Users\sukachy\Local Sites\bestpets\app\public\wp-content\themes\bestpets\woocommerce\loop\result-count.php on line 14

2023-05-25T08:32:09+00:00 CRITICAL Uncaught TypeError: count(): Argument #1 ($value) must be of type Countable|array, string given in C:\Users\sukachy\Local Sites\bestpets\app\public\wp-content\themes\bestpets\woocommerce\loop\result-count.php:15
Stack trace:
#0 C:\Users\sukachy\Local Sites\bestpets\app\public\wp-content\plugins\woocommerce\includes\wc-core-functions.php(345): include()
#1 C:\Users\sukachy\Local Sites\bestpets\app\public\wp-content\plugins\woocommerce\includes\wc-template-functions.php(1463): wc_get_template('loop/result-cou...', Array)
#2 C:\Users\sukachy\Local Sites\bestpets\app\public\wp-includes\class-wp-hook.php(308): woocommerce_result_count('')
#3 C:\Users\sukachy\Local Sites\bestpets\app\public\wp-includes\class-wp-hook.php(332): WP_Hook->apply_filters(NULL, Array)
#4 C:\Users\sukachy\Local Sites\bestpets\app\public\wp-includes\plugin.php(517): WP_Hook->do_action(Array)
#5 C:\Users\sukachy\Local Sites\bestpets\app\public\wp-content\themes\bestpets\woocommerce\archive-product.php(79): do_action('woocommerce_bef...')
#6 C:\Users\sukachy\Local Sites\bestpets\app\public\wp-includes\template-loader.php(106): include('C:\\Users\\sukach...')
#7 C:\Users\sukachy\Local Sites\bestpets\app\public\wp-blog-header.php(19): require_once('C:\\Users\\sukach...')
#8 C:\Users\sukachy\Local Sites\bestpets\app\public\index.php(17): require('C:\\Users\\sukach...')
#9 {main}
  thrown in C:\Users\sukachy\Local Sites\bestpets\app\public\wp-content\themes\bestpets\woocommerce\loop\result-count.php on line 15

2023-05-25T08:36:11+00:00 CRITICAL syntax error, unexpected token "{", expecting "(" in C:\Users\sukachy\Local Sites\bestpets\app\public\wp-content\themes\bestpets\woocommerce\loop\result-count.php on line 19

2023-05-25T08:36:16+00:00 CRITICAL syntax error, unexpected token "{", expecting "(" in C:\Users\sukachy\Local Sites\bestpets\app\public\wp-content\themes\bestpets\woocommerce\loop\result-count.php on line 19

2023-05-25T13:19:24+00:00 CRITICAL syntax error, unexpected token "}" in C:\Users\sukachy\Local Sites\bestpets\app\public\wp-content\themes\bestpets\functions.php on line 123

2023-05-25T13:19:24+00:00 CRITICAL syntax error, unexpected token "}" in C:\Users\sukachy\Local Sites\bestpets\app\public\wp-content\themes\bestpets\functions.php on line 123

2023-05-25T13:32:46+00:00 CRITICAL Uncaught Error: Call to a member function is_registration_enabled() on null in C:\Users\sukachy\Local Sites\bestpets\app\public\wp-content\themes\bestpets\page-checkout.php:25
Stack trace:
#0 C:\Users\sukachy\Local Sites\bestpets\app\public\wp-includes\template-loader.php(106): include()
#1 C:\Users\sukachy\Local Sites\bestpets\app\public\wp-blog-header.php(19): require_once('C:\\Users\\sukach...')
#2 C:\Users\sukachy\Local Sites\bestpets\app\public\index.php(17): require('C:\\Users\\sukach...')
#3 {main}
  thrown in C:\Users\sukachy\Local Sites\bestpets\app\public\wp-content\themes\bestpets\page-checkout.php on line 25

2023-05-25T13:33:40+00:00 CRITICAL Uncaught Error: Call to a member function is_registration_enabled() on null in C:\Users\sukachy\Local Sites\bestpets\app\public\wp-content\themes\bestpets\page-checkout.php:11
Stack trace:
#0 C:\Users\sukachy\Local Sites\bestpets\app\public\wp-includes\template-loader.php(106): include()
#1 C:\Users\sukachy\Local Sites\bestpets\app\public\wp-blog-header.php(19): require_once('C:\\Users\\sukach...')
#2 C:\Users\sukachy\Local Sites\bestpets\app\public\index.php(17): require('C:\\Users\\sukach...')
#3 {main}
  thrown in C:\Users\sukachy\Local Sites\bestpets\app\public\wp-content\themes\bestpets\page-checkout.php on line 11

2023-05-25T13:33:41+00:00 CRITICAL Uncaught Error: Call to a member function is_registration_enabled() on null in C:\Users\sukachy\Local Sites\bestpets\app\public\wp-content\themes\bestpets\page-checkout.php:11
Stack trace:
#0 C:\Users\sukachy\Local Sites\bestpets\app\public\wp-includes\template-loader.php(106): include()
#1 C:\Users\sukachy\Local Sites\bestpets\app\public\wp-blog-header.php(19): require_once('C:\\Users\\sukach...')
#2 C:\Users\sukachy\Local Sites\bestpets\app\public\index.php(17): require('C:\\Users\\sukach...')
#3 {main}
  thrown in C:\Users\sukachy\Local Sites\bestpets\app\public\wp-content\themes\bestpets\page-checkout.php on line 11

2023-05-25T13:35:44+00:00 CRITICAL Uncaught Error: Call to a member function is_registration_enabled() on null in C:\Users\sukachy\Local Sites\bestpets\app\public\wp-content\themes\bestpets\page-checkout.php:25
Stack trace:
#0 C:\Users\sukachy\Local Sites\bestpets\app\public\wp-includes\template-loader.php(106): include()
#1 C:\Users\sukachy\Local Sites\bestpets\app\public\wp-blog-header.php(19): require_once('C:\\Users\\sukach...')
#2 C:\Users\sukachy\Local Sites\bestpets\app\public\index.php(17): require('C:\\Users\\sukach...')
#3 {main}
  thrown in C:\Users\sukachy\Local Sites\bestpets\app\public\wp-content\themes\bestpets\page-checkout.php on line 25

2023-05-25T13:36:08+00:00 CRITICAL Uncaught Error: Call to a member function is_registration_enabled() on null in C:\Users\sukachy\Local Sites\bestpets\app\public\wp-content\themes\bestpets\page-checkout.php:27
Stack trace:
#0 C:\Users\sukachy\Local Sites\bestpets\app\public\wp-includes\template-loader.php(106): include()
#1 C:\Users\sukachy\Local Sites\bestpets\app\public\wp-blog-header.php(19): require_once('C:\\Users\\sukach...')
#2 C:\Users\sukachy\Local Sites\bestpets\app\public\index.php(17): require('C:\\Users\\sukach...')
#3 {main}
  thrown in C:\Users\sukachy\Local Sites\bestpets\app\public\wp-content\themes\bestpets\page-checkout.php on line 27

2023-05-25T13:36:09+00:00 CRITICAL Uncaught Error: Call to a member function is_registration_enabled() on null in C:\Users\sukachy\Local Sites\bestpets\app\public\wp-content\themes\bestpets\page-checkout.php:27
Stack trace:
#0 C:\Users\sukachy\Local Sites\bestpets\app\public\wp-includes\template-loader.php(106): include()
#1 C:\Users\sukachy\Local Sites\bestpets\app\public\wp-blog-header.php(19): require_once('C:\\Users\\sukach...')
#2 C:\Users\sukachy\Local Sites\bestpets\app\public\index.php(17): require('C:\\Users\\sukach...')
#3 {main}
  thrown in C:\Users\sukachy\Local Sites\bestpets\app\public\wp-content\themes\bestpets\page-checkout.php on line 27

2023-05-25T13:36:15+00:00 CRITICAL Uncaught Error: Call to a member function is_registration_enabled() on null in C:\Users\sukachy\Local Sites\bestpets\app\public\wp-content\themes\bestpets\page-checkout.php:25
Stack trace:
#0 C:\Users\sukachy\Local Sites\bestpets\app\public\wp-includes\template-loader.php(106): include()
#1 C:\Users\sukachy\Local Sites\bestpets\app\public\wp-blog-header.php(19): require_once('C:\\Users\\sukach...')
#2 C:\Users\sukachy\Local Sites\bestpets\app\public\index.php(17): require('C:\\Users\\sukach...')
#3 {main}
  thrown in C:\Users\sukachy\Local Sites\bestpets\app\public\wp-content\themes\bestpets\page-checkout.php on line 25

